<?xml version="1.0" encoding="UTF-8"?>
<!-- Generated by org.testng.reporters.JUnitReportReporter -->
<testsuite hostname="DESKTOP-NKQ2RHF" failures="0" tests="1" name="cucumber.TestNGTestRunner" time="9.482" errors="0" timestamp="2024-05-28T18:53:26 IST" skipped="0">
  <testcase classname="cucumber.TestNGTestRunner" name="runScenario" time="9.482"/>
  <system-out/>
</testsuite> <!-- cucumber.TestNGTestRunner -->
