<?xml version="1.0" encoding="UTF-8"?>
<!-- Generated by org.testng.reporters.JUnitReportReporter -->
<testsuite hostname="DESKTOP-NKQ2RHF" failures="0" tests="3" name="Selenium.tests.SubmitOrderTest" time="22.472" errors="0" timestamp="2024-05-30T22:23:10 IST" skipped="0">
  <testcase classname="Selenium.tests.SubmitOrderTest" name="OrderHistoryTest" time="4.161"/>
  <system-out/>
  <testcase classname="Selenium.tests.SubmitOrderTest" name="SubmitOrderTest" time="10.507"/>
  <system-out/>
  <testcase classname="Selenium.tests.SubmitOrderTest" name="SubmitOrderTest" time="7.804"/>
  <system-out/>
</testsuite> <!-- Selenium.tests.SubmitOrderTest -->
