<?xml version="1.0" encoding="UTF-8"?>
<!-- Generated by org.testng.reporters.JUnitReportReporter -->
<testsuite hostname="DESKTOP-NKQ2RHF" failures="0" tests="2" name="Selenium.tests.ErrorValidations" time="13.892" errors="0" timestamp="2024-05-30T22:23:10 IST" skipped="0">
  <testcase classname="Selenium.tests.ErrorValidations" name="productErrorValidation" time="6.900"/>
  <system-out/>
  <testcase classname="Selenium.tests.ErrorValidations" name="LoginEroorValidation" time="6.992"/>
  <system-out/>
</testsuite> <!-- Selenium.tests.ErrorValidations -->
